1720711356174	geckodriver	INFO	Listening on 127.0.0.1:34961
1720711356216	mozrunner::runner	INFO	Running command: MOZ_CRASHREPORTER="1" MOZ_CRASHREPORTER_NO_REPORT="1" MOZ_CRASHREPORTER_SHUTDOWN="1" MOZ_NO_REMOTE="1" "/usr ... ss" "--remote-debugging-port" "56095" "--remote-allow-hosts" "localhost" "-no-remote" "-profile" "/tmp/rust_mozprofileMyO0Bz"
*** You are running in headless mode.
console.warn: services.settings: Ignoring preference override of remote settings server
console.warn: services.settings: Allow by setting MOZ_REMOTE_SETTINGS_DEVTOOLS=1 in the environment
[GFX1-]: glxtest: libpci missing
[GFX1-]: glxtest: Unable to open a connection to the X server
[GFX1-]: No GPUs detected via PCI

1720711356446	Marionette	INFO	Marionette enabled
1720711356505	Marionette	INFO	Listening on port 42931
WebDriver BiDi listening on ws://127.0.0.1:56095
Read port: 42931
1720711356564	RemoteAgent	WARN	TLS certificate errors will be ignored for this session
[GFX1-]: RenderCompositorSWGL failed mapping default framebuffer, no dt
console.error: ({})
DevTools listening on ws://127.0.0.1:56095/devtools/browser/2d680a5f-8967-44cc-8bb9-b8add80cd058
console.warn: LoginRecipes: "Falling back to a synchronous message for: https://www.selenium.dev."
console.warn: LoginRecipes: "Falling back to a synchronous message for: https://www.selenium.dev."
console.error: "update.locale" " file doesn't exist in either the application or GRE directories"
1720711386450	addons.xpi	ERROR	System addon update list error SyntaxError: The URI is malformed.
