1720710024334	geckodriver	INFO	Listening on 127.0.0.1:51601
1720710024375	mozrunner::runner	INFO	Running command: MOZ_CRASHREPORTER="1" MOZ_CRASHREPORTER_NO_REPORT="1" MOZ_CRASHREPORTER_SHUTDOWN="1" MOZ_NO_REMOTE="1" "/usr ... ss" "--remote-debugging-port" "43133" "--remote-allow-hosts" "localhost" "-no-remote" "-profile" "/tmp/rust_mozprofileCXAp1v"
*** You are running in headless mode.
console.warn: services.settings: Ignoring preference override of remote settings server
console.warn: services.settings: Allow by setting MOZ_REMOTE_SETTINGS_DEVTOOLS=1 in the environment
[GFX1-]: glxtest: libpci missing
[GFX1-]: glxtest: Unable to open a connection to the X server
[GFX1-]: No GPUs detected via PCI

1720710024596	Marionette	INFO	Marionette enabled
1720710024655	Marionette	INFO	Listening on port 42953
WebDriver BiDi listening on ws://127.0.0.1:43133
Read port: 42953
1720710024801	RemoteAgent	WARN	TLS certificate errors will be ignored for this session
[GFX1-]: RenderCompositorSWGL failed mapping default framebuffer, no dt
console.error: ({})
DevTools listening on ws://127.0.0.1:43133/devtools/browser/75507278-b6dd-4294-bd17-714a92c9174f
console.warn: LoginRecipes: "Falling back to a synchronous message for: https://www.selenium.dev."
console.warn: LoginRecipes: "Falling back to a synchronous message for: https://www.selenium.dev."
console.error: "update.locale" " file doesn't exist in either the application or GRE directories"
1720710054602	addons.xpi	ERROR	System addon update list error SyntaxError: The URI is malformed.
